<?xml version="1.0" encoding="UTF-8"?>
<testsuite name="com.o2o.payment.api.DevProfileBoundaryTest" tests="1" skipped="0" failures="0" errors="0" timestamp="2026-09-14T12:24:53.378Z" hostname="BOOK-QD5U7FFOBT" time="2.089">
  <properties/>
  <testcase name="Y23_dev가_아닌_프로파일에서는_행위자_헤더가_있어도_HOST_전용_조회가_401이고_INTERNAL_01은_404다()" classname="com.o2o.payment.api.DevProfileBoundaryTest" time="0.075"/>
  <system-out><![CDATA[2026-09-14T21:24:53.380+09:00  INFO 35280 --- [    Test worker] t.c.s.AnnotationConfigContextLoaderUtils : Could not detect default configuration classes for test class [com.o2o.payment.api.DevProfileBoundaryTest]: DevProfileBoundaryTest does not declare any static, non-private, non-final, nested classes annotated with @Configuration.
2026-09-14T21:24:53.417+09:00  INFO 35280 --- [    Test worker] .b.t.c.SpringBootTestContextBootstrapper : Found @SpringBootConfiguration com.o2o.BackendApplication for test class com.o2o.payment.api.DevProfileBoundaryTest
2026-09-14T21:24:53.417+09:00  INFO 35280 --- [    Test worker] t.c.s.AnnotationConfigContextLoaderUtils : Could not detect default configuration classes for test class [com.o2o.payment.api.DevProfileBoundaryTest]: DevProfileBoundaryTest does not declare any static, non-private, non-final, nested classes annotated with @Configuration.
2026-09-14T21:24:53.417+09:00  INFO 35280 --- [    Test worker] .b.t.c.SpringBootTestContextBootstrapper : Found @SpringBootConfiguration com.o2o.BackendApplication for test class com.o2o.payment.api.DevProfileBoundaryTest

  .   ____          _            __ _ _
 /\\ / ___'_ __ _ _(_)_ __  __ _ \ \ \ \
( ( )\___ | '_ | '_| | '_ \/ _` | \ \ \ \
 \\/  ___)| |_)| | | | | || (_| |  ) ) ) )
  '  |____| .__|_| |_|_| |_\__, | / / / /
 =========|_|==============|___/=/_/_/_/

 :: Spring Boot ::                (v4.1.1)

2026-09-14T21:24:53.478+09:00  INFO 35280 --- [    Test worker] c.o.payment.api.DevProfileBoundaryTest   : Starting DevProfileBoundaryTest using Java 21.0.11 with PID 35280 (started by user in C:\Dev\potenup\99_projects\o2o-payment\backend)
2026-09-14T21:24:53.478+09:00  INFO 35280 --- [    Test worker] c.o.payment.api.DevProfileBoundaryTest   : The following 1 profile is active: "verify"
2026-09-14T21:24:53.783+09:00  INFO 35280 --- [    Test worker] .s.d.r.c.RepositoryConfigurationDelegate : Bootstrapping Spring Data JPA repositories in DEFAULT mode.
2026-09-14T21:24:53.862+09:00  INFO 35280 --- [    Test worker] .s.d.r.c.RepositoryConfigurationDelegate : Finished Spring Data repository scanning in 67 ms. Found 9 JPA repository interfaces.
2026-09-14T21:24:53.916+09:00  INFO 35280 --- [    Test worker] o.s.boot.tomcat.TomcatWebServer          : Tomcat initialized with port 0 (http)
2026-09-14T21:24:53.916+09:00  INFO 35280 --- [    Test worker] o.apache.catalina.core.StandardService   : Starting service [Tomcat]
2026-09-14T21:24:53.916+09:00  INFO 35280 --- [    Test worker] o.apache.catalina.core.StandardEngine    : Starting Servlet engine: [Apache Tomcat/11.0.24]
2026-09-14T21:24:53.990+09:00  INFO 35280 --- [    Test worker] b.w.c.s.WebApplicationContextInitializer : Root WebApplicationContext: initialization completed in 510 ms
2026-09-14T21:24:54.068+09:00  INFO 35280 --- [    Test worker] org.hibernate.orm.jpa                    : HHH008540: Processing PersistenceUnitInfo [name: default]
2026-09-14T21:24:54.108+09:00  INFO 35280 --- [    Test worker] o.s.o.j.p.SpringPersistenceUnitInfo      : No LoadTimeWeaver setup: ignoring JPA class transformer
2026-09-14T21:24:54.108+09:00  INFO 35280 --- [    Test worker] com.zaxxer.hikari.HikariDataSource       : HikariPool-8 - Starting...
2026-09-14T21:24:54.152+09:00  INFO 35280 --- [    Test worker] com.zaxxer.hikari.pool.HikariPool        : HikariPool-8 - Added connection com.mysql.cj.jdbc.ConnectionImpl@107072dd
2026-09-14T21:24:54.153+09:00  INFO 35280 --- [    Test worker] com.zaxxer.hikari.HikariDataSource       : HikariPool-8 - Start completed.
2026-09-14T21:24:54.157+09:00  INFO 35280 --- [    Test worker] org.hibernate.orm.connections.pooling    : HHH10001005: Database info:
	Database JDBC URL [jdbc:mysql://127.0.0.1:3307/o2o_fix_test]
	Database driver: MySQL Connector/J
	Database dialect: MySQLDialect
	Database version: 9.7.2
	Default catalog/schema: o2o_fix_test/undefined
	Autocommit mode: undefined/unknown
	Isolation level: READ_COMMITTED [default REPEATABLE_READ]
	JDBC fetch size: none
	Pool: DataSourceConnectionProvider
	Minimum pool size: undefined/unknown
	Maximum pool size: undefined/unknown
2026-09-14T21:24:54.486+09:00  INFO 35280 --- [    Test worker] org.hibernate.orm.core                   : HHH000489: No JTA platform available (set 'hibernate.transaction.jta.platform' to enable JTA platform integration)
2026-09-14T21:24:55.115+09:00  INFO 35280 --- [    Test worker] j.LocalContainerEntityManagerFactoryBean : Initialized JPA EntityManagerFactory for persistence unit 'default'
2026-09-14T21:24:55.308+09:00  WARN 35280 --- [    Test worker] JpaBaseConfiguration$JpaWebConfiguration : spring.jpa.open-in-view is enabled by default. Therefore, database queries may be performed during view rendering. Explicitly configure spring.jpa.open-in-view to disable this warning
2026-09-14T21:24:55.371+09:00  INFO 35280 --- [    Test worker] o.s.boot.tomcat.TomcatWebServer          : Tomcat started on port 49896 (http) with context path '/'
2026-09-14T21:24:55.373+09:00  INFO 35280 --- [    Test worker] c.o.payment.api.DevProfileBoundaryTest   : Started DevProfileBoundaryTest in 1.956 seconds (process running for 119.274)
2026-09-14T21:24:55.397+09:00  INFO 35280 --- [o-auto-2-exec-1] o.a.c.c.C.[Tomcat-1].[localhost].[/]     : Initializing Spring DispatcherServlet 'dispatcherServlet'
2026-09-14T21:24:55.397+09:00  INFO 35280 --- [o-auto-2-exec-1] o.s.web.servlet.DispatcherServlet        : Initializing Servlet 'dispatcherServlet'
2026-09-14T21:24:55.397+09:00  INFO 35280 --- [o-auto-2-exec-1] o.s.web.servlet.DispatcherServlet        : Completed initialization in 0 ms
]]></system-out>
  <system-err><![CDATA[]]></system-err>
</testsuite>
