<?xml version="1.0" encoding="UTF-8"?>
<testsuite name="com.o2o.booking.api.BookingPaymentApiTest" tests="14" skipped="0" failures="0" errors="0" timestamp="2026-09-14T12:23:53.367Z" hostname="BOOK-QD5U7FFOBT" time="8.235">
  <properties/>
  <testcase name="L17_DEFER는_REQUESTED로_남고_INTERNAL_01로_승인을_넣으면_CONFIRMED다()" classname="com.o2o.booking.api.BookingPaymentApiTest" time="0.382"/>
  <testcase name="L17_DECLINE_뒤_GET이_HELD와_FAILED와_MOCK_DECLINED이고_DECLINE_셋이면_EXPIRED_PAYMENT_FAILED와_held_0이다()" classname="com.o2o.booking.api.BookingPaymentApiTest" time="0.744"/>
  <testcase name="L18_시도_목록은_200과_3개_필드이고_attemptNumber_오름차순이며_시도_없으면_0과_빈_배열이다()" classname="com.o2o.booking.api.BookingPaymentApiTest" time="0.354"/>
  <testcase name="L15_멱등키가_없으면_400이고_형식_밖_body는_400이며_행위자_없음은_401_HOST는_403이다()" classname="com.o2o.booking.api.BookingPaymentApiTest" time="0.203"/>
  <testcase name="L18_시도_목록의_행위자_없음은_401_HOST는_403_남의_예약과_없는_예약은_404다()" classname="com.o2o.booking.api.BookingPaymentApiTest" time="0.272"/>
  <testcase name="L15_DEFER_시도가_진행_중이면_새_키는_409_PAYMENT_IN_PROGRESS다()" classname="com.o2o.booking.api.BookingPaymentApiTest" time="0.434"/>
  <testcase name="L14_같은_키_재전송은_최초_응답과_Idempotency_Replayed이고_시도_수가_그대로이며_다른_body는_409다()" classname="com.o2o.booking.api.BookingPaymentApiTest" time="0.568"/>
  <testcase name="L16_APPROVE_흐름_PAY_01_뒤_GET_상세가_CONFIRMED이고_payment가_채워지며_held_0_sold_1이다()" classname="com.o2o.booking.api.BookingPaymentApiTest" time="0.352"/>
  <testcase name="L15_DECLINE_셋_뒤_넷째는_BOOKING_EXPIRED가_먼저이고_실패_셋을_심은_HELD는_409_PAYMENT_ATTEMPTS_EXHAUSTED다()" classname="com.o2o.booking.api.BookingPaymentApiTest" time="0.91"/>
  <testcase name="L14_결제를_요청하면_202와_Location과_PaymentAttempt_11개_필드가_오고_mockMode_생략은_APPROVE다()" classname="com.o2o.booking.api.BookingPaymentApiTest" time="0.563"/>
  <testcase name="L15_CONFIRMED에_새_키로_결제를_요청하면_409_BOOKING_STATE_CONFLICT다()" classname="com.o2o.booking.api.BookingPaymentApiTest" time="0.4"/>
  <testcase name="L15_남의_예약과_없는_예약은_404이고_본문이_같다()" classname="com.o2o.booking.api.BookingPaymentApiTest" time="0.23"/>
  <testcase name="L14_처리_중인_같은_키는_409_REQUEST_IN_PROGRESS이고_잠금이_풀리면_첫_요청은_202다()" classname="com.o2o.booking.api.BookingPaymentApiTest" time="2.322"/>
  <testcase name="L15_만료_시각_지난_HELD는_409_BOOKING_EXPIRED이고_응답_뒤_GET이_EXPIRED와_held_반환이며_이미_EXPIRED도_409다()" classname="com.o2o.booking.api.BookingPaymentApiTest" time="0.42"/>
  <system-out><![CDATA[2026-09-14T21:23:53.370+09:00  INFO 35280 --- [    Test worker] t.c.s.AnnotationConfigContextLoaderUtils : Could not detect default configuration classes for test class [com.o2o.booking.api.BookingPaymentApiTest]: BookingPaymentApiTest does not declare any static, non-private, non-final, nested classes annotated with @Configuration.
2026-09-14T21:23:53.372+09:00  INFO 35280 --- [    Test worker] .b.t.c.SpringBootTestContextBootstrapper : Found @SpringBootConfiguration com.o2o.BackendApplication for test class com.o2o.booking.api.BookingPaymentApiTest
2026-09-14T21:23:53.373+09:00  INFO 35280 --- [    Test worker] t.c.s.AnnotationConfigContextLoaderUtils : Could not detect default configuration classes for test class [com.o2o.booking.api.BookingPaymentApiTest]: BookingPaymentApiTest does not declare any static, non-private, non-final, nested classes annotated with @Configuration.
2026-09-14T21:23:53.375+09:00  INFO 35280 --- [    Test worker] .b.t.c.SpringBootTestContextBootstrapper : Found @SpringBootConfiguration com.o2o.BackendApplication for test class com.o2o.booking.api.BookingPaymentApiTest
]]></system-out>
  <system-err><![CDATA[]]></system-err>
</testsuite>
