<?xml version="1.0" encoding="UTF-8"?>
<testsuite name="com.o2o.promotion.application.PromotionEventTest" tests="3" skipped="0" failures="0" errors="0" timestamp="2026-09-13T09:52:53.835Z" hostname="BOOK-QD5U7FFOBT" time="1.974">
  <properties/>
  <testcase name="등록하면_PromotionCreated가_난다()" classname="com.o2o.promotion.application.PromotionEventTest" time="0.014"/>
  <testcase name="거절된_수정은_이벤트를_내지_않는다()" classname="com.o2o.promotion.application.PromotionEventTest" time="0.024"/>
  <testcase name="수정하면_PromotionUpdated가_난다()" classname="com.o2o.promotion.application.PromotionEventTest" time="0.018"/>
  <system-out><![CDATA[2026-09-13T18:52:53.838+09:00  INFO 35692 --- [    Test worker] .b.t.c.SpringBootTestContextBootstrapper : Found @SpringBootConfiguration com.o2o.BackendApplication for test class com.o2o.promotion.application.PromotionEventTest
2026-09-13T18:52:53.838+09:00  INFO 35692 --- [    Test worker] .b.t.c.SpringBootTestContextBootstrapper : Found @SpringBootConfiguration com.o2o.BackendApplication for test class com.o2o.promotion.application.PromotionEventTest

  .   ____          _            __ _ _
 /\\ / ___'_ __ _ _(_)_ __  __ _ \ \ \ \
( ( )\___ | '_ | '_| | '_ \/ _` | \ \ \ \
 \\/  ___)| |_)| | | | | || (_| |  ) ) ) )
  '  |____| .__|_| |_|_| |_\__, | / / / /
 =========|_|==============|___/=/_/_/_/

 :: Spring Boot ::                (v4.1.1)

2026-09-13T18:52:53.873+09:00  INFO 35692 --- [    Test worker] c.o.p.application.PromotionEventTest     : Starting PromotionEventTest using Java 21.0.11 with PID 35692 (started by user in C:\Dev\potenup\99_projects\o2o-dev\backend)
2026-09-13T18:52:53.873+09:00  INFO 35692 --- [    Test worker] c.o.p.application.PromotionEventTest     : The following 1 profile is active: "dev"
2026-09-13T18:52:54.194+09:00  INFO 35692 --- [    Test worker] .s.d.r.c.RepositoryConfigurationDelegate : Bootstrapping Spring Data JPA repositories in DEFAULT mode.
2026-09-13T18:52:54.264+09:00  INFO 35692 --- [    Test worker] .s.d.r.c.RepositoryConfigurationDelegate : Finished Spring Data repository scanning in 76 ms. Found 9 JPA repository interfaces.
2026-09-13T18:52:54.343+09:00  INFO 35692 --- [    Test worker] org.hibernate.orm.jpa                    : HHH008540: Processing PersistenceUnitInfo [name: default]
2026-09-13T18:52:54.387+09:00  INFO 35692 --- [    Test worker] o.s.o.j.p.SpringPersistenceUnitInfo      : No LoadTimeWeaver setup: ignoring JPA class transformer
2026-09-13T18:52:54.387+09:00  INFO 35692 --- [    Test worker] com.zaxxer.hikari.HikariDataSource       : HikariPool-13 - Starting...
2026-09-13T18:52:54.427+09:00  INFO 35692 --- [    Test worker] com.zaxxer.hikari.pool.HikariPool        : HikariPool-13 - Added connection com.mysql.cj.jdbc.ConnectionImpl@20206727
2026-09-13T18:52:54.427+09:00  INFO 35692 --- [    Test worker] com.zaxxer.hikari.HikariDataSource       : HikariPool-13 - Start completed.
2026-09-13T18:52:54.431+09:00  INFO 35692 --- [    Test worker] org.hibernate.orm.connections.pooling    : HHH10001005: Database info:
	Database JDBC URL [jdbc:mysql://127.0.0.1:3307/o2o_payment_test]
	Database driver: MySQL Connector/J
	Database dialect: MySQLDialect
	Database version: 9.7.2
	Default catalog/schema: o2o_payment_test/undefined
	Autocommit mode: undefined/unknown
	Isolation level: REPEATABLE_READ [default REPEATABLE_READ]
	JDBC fetch size: none
	Pool: DataSourceConnectionProvider
	Minimum pool size: undefined/unknown
	Maximum pool size: undefined/unknown
2026-09-13T18:52:54.698+09:00  INFO 35692 --- [    Test worker] org.hibernate.orm.core                   : HHH000489: No JTA platform available (set 'hibernate.transaction.jta.platform' to enable JTA platform integration)
2026-09-13T18:52:55.484+09:00  INFO 35692 --- [    Test worker] j.LocalContainerEntityManagerFactoryBean : Initialized JPA EntityManagerFactory for persistence unit 'default'
2026-09-13T18:52:55.678+09:00  WARN 35692 --- [    Test worker] JpaBaseConfiguration$JpaWebConfiguration : spring.jpa.open-in-view is enabled by default. Therefore, database queries may be performed during view rendering. Explicitly configure spring.jpa.open-in-view to disable this warning
2026-09-13T18:52:55.733+09:00  INFO 35692 --- [    Test worker] c.o.p.application.PromotionEventTest     : Started PromotionEventTest in 1.89 seconds (process running for 76.338)
]]></system-out>
  <system-err><![CDATA[]]></system-err>
</testsuite>
