<?xml version="1.0" encoding="UTF-8"?>
<testsuite name="com.o2o.booking.api.BookingApiTest" tests="19" skipped="0" failures="0" errors="0" timestamp="2026-09-15T10:10:02.983Z" hostname="BOOK-QD5U7FFOBT" time="12.585">
  <properties/>
  <testcase name="K23_체크아웃_날짜에는_재고와_요금이_없어도_201이다()" classname="com.o2o.booking.api.BookingApiTest" time="0.729"/>
  <testcase name="K15_같은_키_같은_body_재전송은_같은_응답과_Idempotency_Replayed이고_선점이_더_안_오른다()" classname="com.o2o.booking.api.BookingApiTest" time="0.184"/>
  <testcase name="K23_재고_행_없는_날짜는_409_INVENTORY_NOT_CONFIGURED다()" classname="com.o2o.booking.api.BookingApiTest" time="0.134"/>
  <testcase name="K14_멱등키가_없거나_형식이_틀리면_400_IDEMPOTENCY_KEY_REQUIRED다()" classname="com.o2o.booking.api.BookingApiTest" time="0.164"/>
  <testcase name="K17_처리_중인_같은_키는_409_REQUEST_IN_PROGRESS이고_잠금이_풀리면_첫_요청은_201이다()" classname="com.o2o.booking.api.BookingApiTest" time="2.153"/>
  <testcase name="K23_요금_없는_날짜는_409_RATE_NOT_CONFIGURED다()" classname="com.o2o.booking.api.BookingApiTest" time="0.116"/>
  <testcase name="K22_선점_전에_조회한_version으로_수정하면_409_VERSION_CONFLICT다()" classname="com.o2o.booking.api.BookingApiTest" time="0.135"/>
  <testcase name="K23_최대_인원_초과는_409_OCCUPANCY_EXCEEDED다()" classname="com.o2o.booking.api.BookingApiTest" time="0.092"/>
  <testcase name="K13_예약을_요청하면_201과_Location과_Booking_20개_필드가_온다()" classname="com.o2o.booking.api.BookingApiTest" time="0.129"/>
  <testcase name="K27_처리_중인_같은_키에_다른_body는_409_IDEMPOTENCY_KEY_REUSED다()" classname="com.o2o.booking.api.BookingApiTest" time="2.144"/>
  <testcase name="K20_필드_값이_범위를_벗어나거나_미정의_필드가_있으면_400_INVALID_REQUEST다()" classname="com.o2o.booking.api.BookingApiTest" time="0.088"/>
  <testcase name="K20_날짜_순서와_30박과_과거와_형식은_400_INVALID_DATE_RANGE이고_서울_오늘은_통과한다()" classname="com.o2o.booking.api.BookingApiTest" time="1.206"/>
  <testcase name="K22_선점된_날짜의_총량을_선점_아래로_내리면_409_INVENTORY_BELOW_COMMITTED다()" classname="com.o2o.booking.api.BookingApiTest" time="0.096"/>
  <testcase name="K21_행위자가_없으면_401이고_HOST가_예약하면_403이다()" classname="com.o2o.booking.api.BookingApiTest" time="0.06"/>
  <testcase name="K16_키_순서만_다른_body는_같은_body라_재전송이다()" classname="com.o2o.booking.api.BookingApiTest" time="0.088"/>
  <testcase name="K16_같은_키_다른_body는_409_IDEMPOTENCY_KEY_REUSED다()" classname="com.o2o.booking.api.BookingApiTest" time="0.109"/>
  <testcase name="K19_마지막_객실_하나에_두_손님이_동시에_요청하면_하나만_201이다()" classname="com.o2o.booking.api.BookingApiTest" time="3.14"/>
  <testcase name="K18_거절된_요청은_캐시되지_않고_같은_키로_고친_body가_201이다()" classname="com.o2o.booking.api.BookingApiTest" time="0.136"/>
  <testcase name="K23_없는_객실_타입은_404_RESOURCE_NOT_FOUND다()" classname="com.o2o.booking.api.BookingApiTest" time="0.039"/>
  <system-out><![CDATA[2026-09-15T19:10:02.995+09:00  INFO 47588 --- [    Test worker] t.c.s.AnnotationConfigContextLoaderUtils : Could not detect default configuration classes for test class [com.o2o.booking.api.BookingApiTest]: BookingApiTest does not declare any static, non-private, non-final, nested classes annotated with @Configuration.
2026-09-15T19:10:03.018+09:00  INFO 47588 --- [    Test worker] .b.t.c.SpringBootTestContextBootstrapper : Found @SpringBootConfiguration com.o2o.BackendApplication for test class com.o2o.booking.api.BookingApiTest
2026-09-15T19:10:03.024+09:00  INFO 47588 --- [    Test worker] t.c.s.AnnotationConfigContextLoaderUtils : Could not detect default configuration classes for test class [com.o2o.booking.api.BookingApiTest]: BookingApiTest does not declare any static, non-private, non-final, nested classes annotated with @Configuration.
2026-09-15T19:10:03.024+09:00  INFO 47588 --- [    Test worker] .b.t.c.SpringBootTestContextBootstrapper : Found @SpringBootConfiguration com.o2o.BackendApplication for test class com.o2o.booking.api.BookingApiTest

  .   ____          _            __ _ _
 /\\ / ___'_ __ _ _(_)_ __  __ _ \ \ \ \
( ( )\___ | '_ | '_| | '_ \/ _` | \ \ \ \
 \\/  ___)| |_)| | | | | || (_| |  ) ) ) )
  '  |____| .__|_| |_|_| |_\__, | / / / /
 =========|_|==============|___/=/_/_/_/

 :: Spring Boot ::                (v4.1.1)

2026-09-15T19:10:03.099+09:00  INFO 47588 --- [    Test worker] com.o2o.booking.api.BookingApiTest       : Starting BookingApiTest using Java 21.0.11 with PID 47588 (started by user in C:\Dev\potenup\99_projects\o2o-payment\backend)
2026-09-15T19:10:03.099+09:00  INFO 47588 --- [    Test worker] com.o2o.booking.api.BookingApiTest       : The following 1 profile is active: "dev"
2026-09-15T19:10:03.420+09:00  INFO 47588 --- [    Test worker] .s.d.r.c.RepositoryConfigurationDelegate : Bootstrapping Spring Data JPA repositories in DEFAULT mode.
2026-09-15T19:10:03.454+09:00  INFO 47588 --- [    Test worker] .s.d.r.c.RepositoryConfigurationDelegate : Finished Spring Data repository scanning in 37 ms. Found 9 JPA repository interfaces.
2026-09-15T19:10:03.653+09:00  INFO 47588 --- [    Test worker] o.s.boot.tomcat.TomcatWebServer          : Tomcat initialized with port 0 (http)
2026-09-15T19:10:03.670+09:00  INFO 47588 --- [    Test worker] o.apache.catalina.core.StandardService   : Starting service [Tomcat]
2026-09-15T19:10:03.670+09:00  INFO 47588 --- [    Test worker] o.apache.catalina.core.StandardEngine    : Starting Servlet engine: [Apache Tomcat/11.0.24]
2026-09-15T19:10:03.733+09:00  INFO 47588 --- [    Test worker] b.w.c.s.WebApplicationContextInitializer : Root WebApplicationContext: initialization completed in 634 ms
2026-09-15T19:10:03.822+09:00  INFO 47588 --- [    Test worker] org.hibernate.orm.jpa                    : HHH008540: Processing PersistenceUnitInfo [name: default]
2026-09-15T19:10:03.849+09:00  INFO 47588 --- [    Test worker] o.s.o.j.p.SpringPersistenceUnitInfo      : No LoadTimeWeaver setup: ignoring JPA class transformer
2026-09-15T19:10:03.849+09:00  INFO 47588 --- [    Test worker] com.zaxxer.hikari.HikariDataSource       : HikariPool-2 - Starting...
2026-09-15T19:10:03.875+09:00  INFO 47588 --- [    Test worker] com.zaxxer.hikari.pool.HikariPool        : HikariPool-2 - Added connection com.mysql.cj.jdbc.ConnectionImpl@3df7184
2026-09-15T19:10:03.875+09:00  INFO 47588 --- [    Test worker] com.zaxxer.hikari.HikariDataSource       : HikariPool-2 - Start completed.
2026-09-15T19:10:03.878+09:00  INFO 47588 --- [    Test worker] org.hibernate.orm.connections.pooling    : HHH10001005: Database info:
	Database JDBC URL [jdbc:mysql://127.0.0.1:3307/o2o_fix_test]
	Database driver: MySQL Connector/J
	Database dialect: MySQLDialect
	Database version: 9.7.2
	Default catalog/schema: o2o_fix_test/undefined
	Autocommit mode: undefined/unknown
	Isolation level: READ_COMMITTED [default REPEATABLE_READ]
	JDBC fetch size: none
	Pool: DataSourceConnectionProvider
	Minimum pool size: undefined/unknown
	Maximum pool size: undefined/unknown
2026-09-15T19:10:04.044+09:00  INFO 47588 --- [    Test worker] org.hibernate.orm.core                   : HHH000489: No JTA platform available (set 'hibernate.transaction.jta.platform' to enable JTA platform integration)
2026-09-15T19:10:04.386+09:00  INFO 47588 --- [    Test worker] j.LocalContainerEntityManagerFactoryBean : Initialized JPA EntityManagerFactory for persistence unit 'default'
2026-09-15T19:10:04.516+09:00  WARN 47588 --- [    Test worker] JpaBaseConfiguration$JpaWebConfiguration : spring.jpa.open-in-view is enabled by default. Therefore, database queries may be performed during view rendering. Explicitly configure spring.jpa.open-in-view to disable this warning
2026-09-15T19:10:04.566+09:00  INFO 47588 --- [    Test worker] o.s.boot.tomcat.TomcatWebServer          : Tomcat started on port 65243 (http) with context path '/'
2026-09-15T19:10:04.571+09:00  INFO 47588 --- [    Test worker] com.o2o.booking.api.BookingApiTest       : Started BookingApiTest in 1.498 seconds (process running for 12.42)
2026-09-15T19:10:04.672+09:00  INFO 47588 --- [o-auto-1-exec-1] o.a.c.c.C.[Tomcat].[localhost].[/]       : Initializing Spring DispatcherServlet 'dispatcherServlet'
2026-09-15T19:10:04.675+09:00  INFO 47588 --- [o-auto-1-exec-1] o.s.web.servlet.DispatcherServlet        : Initializing Servlet 'dispatcherServlet'
2026-09-15T19:10:04.675+09:00  INFO 47588 --- [o-auto-1-exec-1] o.s.web.servlet.DispatcherServlet        : Completed initialization in 0 ms
]]></system-out>
  <system-err><![CDATA[]]></system-err>
</testsuite>
