<?xml version="1.0" encoding="UTF-8"?>
<testsuite name="com.o2o.DatabaseConnectionTest" tests="1" skipped="0" failures="0" errors="0" timestamp="2026-09-10T05:52:10.208Z" hostname="BOOK-QD5U7FFOBT" time="0.021">
  <properties/>
  <testcase name="springContextStartsAndConnectsToMysql()" classname="com.o2o.DatabaseConnectionTest" time="0.013"/>
  <system-out><![CDATA[2026-09-10T14:52:10.211+09:00  INFO 32684 --- [    Test worker] t.c.s.AnnotationConfigContextLoaderUtils : Could not detect default configuration classes for test class [com.o2o.DatabaseConnectionTest]: DatabaseConnectionTest does not declare any static, non-private, non-final, nested classes annotated with @Configuration.
2026-09-10T14:52:10.213+09:00  INFO 32684 --- [    Test worker] .b.t.c.SpringBootTestContextBootstrapper : Found @SpringBootConfiguration com.o2o.BackendApplication for test class com.o2o.DatabaseConnectionTest
2026-09-10T14:52:10.214+09:00  INFO 32684 --- [    Test worker] t.c.s.AnnotationConfigContextLoaderUtils : Could not detect default configuration classes for test class [com.o2o.DatabaseConnectionTest]: DatabaseConnectionTest does not declare any static, non-private, non-final, nested classes annotated with @Configuration.
2026-09-10T14:52:10.215+09:00  INFO 32684 --- [    Test worker] .b.t.c.SpringBootTestContextBootstrapper : Found @SpringBootConfiguration com.o2o.BackendApplication for test class com.o2o.DatabaseConnectionTest
]]></system-out>
  <system-err><![CDATA[]]></system-err>
</testsuite>
