<?xml version="1.0" encoding="UTF-8"?>
<testsuite name="com.o2o.booking.application.BookingApplicationServiceTest" tests="8" skipped="0" failures="0" errors="0" timestamp="2026-09-13T10:55:10.951Z" hostname="BOOK-QD5U7FFOBT" time="1.519">
  <properties/>
  <testcase name="K8_숙박_날짜_중_하루에_재고_행이_없으면_거절하고_선점도_예약도_없다()" classname="com.o2o.booking.application.BookingApplicationServiceTest" time="0.066"/>
  <testcase name="K8_숙박_날짜_중_하루에_요금이_없으면_거절하고_선점도_예약도_없다()" classname="com.o2o.booking.application.BookingApplicationServiceTest" time="0.053"/>
  <testcase name="요청하면_HELD_예약이_저장되고_숙박_날짜마다_선점이_1_오른다()" classname="com.o2o.booking.application.BookingApplicationServiceTest" time="0.071"/>
  <testcase name="K10_예상_총액이_요금_합과_다르면_거절하고_선점도_예약도_없다()" classname="com.o2o.booking.application.BookingApplicationServiceTest" time="0.056"/>
  <testcase name="K9_없는_객실_타입은_없음_예외다()" classname="com.o2o.booking.application.BookingApplicationServiceTest" time="0.005"/>
  <testcase name="K11_예약_뒤_요금을_바꿔도_스냅샷이_그대로다()" classname="com.o2o.booking.application.BookingApplicationServiceTest" time="0.091"/>
  <testcase name="K7_3박_중_가운데_날_재고가_0이면_어느_날짜도_선점이_안_오르고_예약이_없다()" classname="com.o2o.booking.application.BookingApplicationServiceTest" time="0.088"/>
  <testcase name="K9_인원이_최대_인원을_넘으면_거절한다()" classname="com.o2o.booking.application.BookingApplicationServiceTest" time="0.034"/>
  <system-out><![CDATA[2026-09-13T19:55:10.961+09:00  INFO 37604 --- [    Test worker] .b.t.c.SpringBootTestContextBootstrapper : Found @SpringBootConfiguration com.o2o.BackendApplication for test class com.o2o.booking.application.BookingApplicationServiceTest
2026-09-13T19:55:10.961+09:00  INFO 37604 --- [    Test worker] .b.t.c.SpringBootTestContextBootstrapper : Found @SpringBootConfiguration com.o2o.BackendApplication for test class com.o2o.booking.application.BookingApplicationServiceTest

  .   ____          _            __ _ _
 /\\ / ___'_ __ _ _(_)_ __  __ _ \ \ \ \
( ( )\___ | '_ | '_| | '_ \/ _` | \ \ \ \
 \\/  ___)| |_)| | | | | || (_| |  ) ) ) )
  '  |____| .__|_| |_|_| |_\__, | / / / /
 =========|_|==============|___/=/_/_/_/

 :: Spring Boot ::                (v4.1.1)

2026-09-13T19:55:10.992+09:00  INFO 37604 --- [    Test worker] c.o.b.a.BookingApplicationServiceTest    : Starting BookingApplicationServiceTest using Java 21.0.11 with PID 37604 (started by user in C:\Dev\potenup\99_projects\o2o-dev\backend)
2026-09-13T19:55:10.992+09:00  INFO 37604 --- [    Test worker] c.o.b.a.BookingApplicationServiceTest    : The following 1 profile is active: "dev"
2026-09-13T19:55:11.161+09:00  INFO 37604 --- [    Test worker] .s.d.r.c.RepositoryConfigurationDelegate : Bootstrapping Spring Data JPA repositories in DEFAULT mode.
2026-09-13T19:55:11.195+09:00  INFO 37604 --- [    Test worker] .s.d.r.c.RepositoryConfigurationDelegate : Finished Spring Data repository scanning in 33 ms. Found 9 JPA repository interfaces.
2026-09-13T19:55:11.248+09:00  INFO 37604 --- [    Test worker] org.hibernate.orm.jpa                    : HHH008540: Processing PersistenceUnitInfo [name: default]
2026-09-13T19:55:11.261+09:00  INFO 37604 --- [    Test worker] o.s.o.j.p.SpringPersistenceUnitInfo      : No LoadTimeWeaver setup: ignoring JPA class transformer
2026-09-13T19:55:11.261+09:00  INFO 37604 --- [    Test worker] com.zaxxer.hikari.HikariDataSource       : HikariPool-3 - Starting...
2026-09-13T19:55:11.287+09:00  INFO 37604 --- [    Test worker] com.zaxxer.hikari.pool.HikariPool        : HikariPool-3 - Added connection com.mysql.cj.jdbc.ConnectionImpl@3af91e7e
2026-09-13T19:55:11.287+09:00  INFO 37604 --- [    Test worker] com.zaxxer.hikari.HikariDataSource       : HikariPool-3 - Start completed.
2026-09-13T19:55:11.289+09:00  INFO 37604 --- [    Test worker] org.hibernate.orm.connections.pooling    : HHH10001005: Database info:
	Database JDBC URL [jdbc:mysql://127.0.0.1:3307/o2o_payment_test]
	Database driver: MySQL Connector/J
	Database dialect: MySQLDialect
	Database version: 9.7.2
	Default catalog/schema: o2o_payment_test/undefined
	Autocommit mode: undefined/unknown
	Isolation level: READ_COMMITTED [default REPEATABLE_READ]
	JDBC fetch size: none
	Pool: DataSourceConnectionProvider
	Minimum pool size: undefined/unknown
	Maximum pool size: undefined/unknown
2026-09-13T19:55:11.470+09:00  INFO 37604 --- [    Test worker] org.hibernate.orm.core                   : HHH000489: No JTA platform available (set 'hibernate.transaction.jta.platform' to enable JTA platform integration)
2026-09-13T19:55:11.835+09:00  INFO 37604 --- [    Test worker] j.LocalContainerEntityManagerFactoryBean : Initialized JPA EntityManagerFactory for persistence unit 'default'
2026-09-13T19:55:11.947+09:00  WARN 37604 --- [    Test worker] JpaBaseConfiguration$JpaWebConfiguration : spring.jpa.open-in-view is enabled by default. Therefore, database queries may be performed during view rendering. Explicitly configure spring.jpa.open-in-view to disable this warning
2026-09-13T19:55:11.982+09:00  INFO 37604 --- [    Test worker] c.o.b.a.BookingApplicationServiceTest    : Started BookingApplicationServiceTest in 1.008 seconds (process running for 20.518)
]]></system-out>
  <system-err><![CDATA[]]></system-err>
</testsuite>
