<?xml version="1.0" encoding="UTF-8"?>
<testsuite name="com.o2o.booking.application.BookingEventTest" tests="2" skipped="0" failures="0" errors="0" timestamp="2026-09-16T08:09:26.737Z" hostname="BOOK-QD5U7FFOBT" time="1.33">
  <properties/>
  <testcase name="K12_성공하면_BookingCreated_1건과_InventoryHeld_N건이_커밋_뒤_구독자에_닿는다()" classname="com.o2o.booking.application.BookingEventTest" time="0.095"/>
  <testcase name="K12_롤백된_요청의_이벤트는_구독자에_닿지_않는다()" classname="com.o2o.booking.application.BookingEventTest" time="0.067"/>
  <system-out><![CDATA[2026-09-16T17:09:26.739+09:00  INFO 42804 --- [    Test worker] .b.t.c.SpringBootTestContextBootstrapper : Found @SpringBootConfiguration com.o2o.BackendApplication for test class com.o2o.booking.application.BookingEventTest
2026-09-16T17:09:26.740+09:00  INFO 42804 --- [    Test worker] .b.t.c.SpringBootTestContextBootstrapper : Found @SpringBootConfiguration com.o2o.BackendApplication for test class com.o2o.booking.application.BookingEventTest

  .   ____          _            __ _ _
 /\\ / ___'_ __ _ _(_)_ __  __ _ \ \ \ \
( ( )\___ | '_ | '_| | '_ \/ _` | \ \ \ \
 \\/  ___)| |_)| | | | | || (_| |  ) ) ) )
  '  |____| .__|_| |_|_| |_\__, | / / / /
 =========|_|==============|___/=/_/_/_/

 :: Spring Boot ::                (v4.1.1)

2026-09-16T17:09:26.762+09:00  INFO 42804 --- [    Test worker] c.o.b.application.BookingEventTest       : Starting BookingEventTest using Java 21.0.11 with PID 42804 (started by user in C:\Dev\potenup\99_projects\o2o-payment\backend)
2026-09-16T17:09:26.762+09:00  INFO 42804 --- [    Test worker] c.o.b.application.BookingEventTest       : The following 1 profile is active: "dev"
2026-09-16T17:09:26.935+09:00  INFO 42804 --- [    Test worker] .s.d.r.c.RepositoryConfigurationDelegate : Bootstrapping Spring Data JPA repositories in DEFAULT mode.
2026-09-16T17:09:26.969+09:00  INFO 42804 --- [    Test worker] .s.d.r.c.RepositoryConfigurationDelegate : Finished Spring Data repository scanning in 37 ms. Found 9 JPA repository interfaces.
2026-09-16T17:09:27.021+09:00  INFO 42804 --- [    Test worker] org.hibernate.orm.jpa                    : HHH008540: Processing PersistenceUnitInfo [name: default]
2026-09-16T17:09:27.046+09:00  INFO 42804 --- [    Test worker] o.s.o.j.p.SpringPersistenceUnitInfo      : No LoadTimeWeaver setup: ignoring JPA class transformer
2026-09-16T17:09:27.049+09:00  INFO 42804 --- [    Test worker] com.zaxxer.hikari.HikariDataSource       : HikariPool-5 - Starting...
2026-09-16T17:09:27.069+09:00  INFO 42804 --- [    Test worker] com.zaxxer.hikari.pool.HikariPool        : HikariPool-5 - Added connection com.mysql.cj.jdbc.ConnectionImpl@69c7965a
2026-09-16T17:09:27.069+09:00  INFO 42804 --- [    Test worker] com.zaxxer.hikari.HikariDataSource       : HikariPool-5 - Start completed.
2026-09-16T17:09:27.071+09:00  INFO 42804 --- [    Test worker] org.hibernate.orm.connections.pooling    : HHH10001005: Database info:
	Database JDBC URL [jdbc:mysql://127.0.0.1:3307/o2o_fix_test]
	Database driver: MySQL Connector/J
	Database dialect: MySQLDialect
	Database version: 9.7.2
	Default catalog/schema: o2o_fix_test/undefined
	Autocommit mode: undefined/unknown
	Isolation level: READ_COMMITTED [default REPEATABLE_READ]
	JDBC fetch size: none
	Pool: DataSourceConnectionProvider
	Minimum pool size: undefined/unknown
	Maximum pool size: undefined/unknown
2026-09-16T17:09:27.233+09:00  INFO 42804 --- [    Test worker] org.hibernate.orm.core                   : HHH000489: No JTA platform available (set 'hibernate.transaction.jta.platform' to enable JTA platform integration)
2026-09-16T17:09:27.702+09:00  INFO 42804 --- [    Test worker] j.LocalContainerEntityManagerFactoryBean : Initialized JPA EntityManagerFactory for persistence unit 'default'
2026-09-16T17:09:27.853+09:00  WARN 42804 --- [    Test worker] JpaBaseConfiguration$JpaWebConfiguration : spring.jpa.open-in-view is enabled by default. Therefore, database queries may be performed during view rendering. Explicitly configure spring.jpa.open-in-view to disable this warning
2026-09-16T17:09:27.893+09:00  INFO 42804 --- [    Test worker] c.o.b.application.BookingEventTest       : Started BookingEventTest in 1.15 seconds (process running for 45.467)
]]></system-out>
  <system-err><![CDATA[]]></system-err>
</testsuite>
